<?xml version="1.0" encoding="UTF-8"?>
<!-- Generated by org.testng.reporters.JUnitReportReporter -->
<testsuite hostname="PRASANNAPRASAD" failures="0" tests="1" name="TestNG.sampletest1" time="0.011" errors="0" timestamp="2019-09-25T16:35:40 IST" skipped="0">
  <testcase classname="TestNG.sampletest1" name="f" time="0.011"/>
</testsuite> <!-- TestNG.sampletest1 -->
