<?xml version="1.0" encoding="UTF-8"?>
<!-- Generated by org.testng.reporters.JUnitReportReporter -->
<testsuite hostname="PRASANNAPRASAD" failures="0" tests="1" name="TestNG.SampleTest" time="0.009" errors="0" timestamp="2019-09-24T16:13:55 IST" skipped="0">
  <testcase classname="TestNG.SampleTest" name="f" time="0.009"/>
</testsuite> <!-- TestNG.SampleTest -->
